0 info it worked if it ends with ok
1 verbose cli [ 'C:\\Program Files\\nodejs\\node.exe',
1 verbose cli   'C:\\Program Files\\nodejs\\node_modules\\npm\\bin\\npm-cli.js',
1 verbose cli   'install',
1 verbose cli   'lowdb/file-sync' ]
2 info using npm@3.10.9
3 info using node@v6.9.2
4 silly loadCurrentTree Starting
5 silly install loadCurrentTree
6 silly install readLocalPackageData
7 silly fetchPackageMetaData lowdb/file-sync
8 silly fetchOtherPackageData lowdb/file-sync
9 silly cache add args [ 'lowdb/file-sync', null ]
10 verbose cache add spec lowdb/file-sync
11 silly cache add parsed spec Result {
11 silly cache add   raw: 'lowdb/file-sync',
11 silly cache add   scope: null,
11 silly cache add   escapedName: null,
11 silly cache add   name: null,
11 silly cache add   rawSpec: 'lowdb/file-sync',
11 silly cache add   spec: 'github:lowdb/file-sync',
11 silly cache add   type: 'hosted',
11 silly cache add   hosted:
11 silly cache add    { type: 'github',
11 silly cache add      ssh: 'git@github.com:lowdb/file-sync.git',
11 silly cache add      sshUrl: 'git+ssh://git@github.com/lowdb/file-sync.git',
11 silly cache add      httpsUrl: 'git+https://github.com/lowdb/file-sync.git',
11 silly cache add      gitUrl: 'git://github.com/lowdb/file-sync.git',
11 silly cache add      shortcut: 'github:lowdb/file-sync',
11 silly cache add      directUrl: 'https://raw.githubusercontent.com/lowdb/file-sync/master/package.json' } }
12 verbose addRemoteGit caching lowdb/file-sync
13 verbose addRemoteGit lowdb/file-sync is a repository hosted by github
14 silly tryGitProto attempting to clone git://github.com/lowdb/file-sync.git
15 silly tryClone cloning lowdb/file-sync via git://github.com/lowdb/file-sync.git
16 verbose tryClone git-github-com-lowdb-file-sync-git-b561c49d not in flight; caching
17 verbose correctMkdir C:\Users\IBM_ADMIN\AppData\Roaming\npm-cache\_git-remotes correctMkdir not in flight; initializing
18 verbose makeDirectory C:\Users\IBM_ADMIN\AppData\Roaming\npm-cache\_git-remotes creation not in flight; initializing
19 verbose makeCacheDir UID & GID are irrelevant on win32
20 info git [ 'clone',
20 info git   '--template=C:\\Users\\IBM_ADMIN\\AppData\\Roaming\\npm-cache\\_git-remotes\\_templates',
20 info git   '--mirror',
20 info git   'git://github.com/lowdb/file-sync.git',
20 info git   'C:\\Users\\IBM_ADMIN\\AppData\\Roaming\\npm-cache\\_git-remotes\\git-github-com-lowdb-file-sync-git-b561c49d' ]
21 verbose git clone --template=C:\Users\IBM_ADMIN\AppData\Roaming\npm-cache\_git-remotes\_templates --mirror git://github.com/lowdb/file-sync.git C:\Users\IBM_ADMIN\AppData\Roaming\npm-cache\_git-remotes\git-github-com-lowdb-file-sync-git-b561c49d: Cloning into bare repository 'C:\Users\IBM_ADMIN\AppData\Roaming\npm-cache\_git-remotes\git-github-com-lowdb-file-sync-git-b561c49d'...
21 verbose git clone --template=C:\Users\IBM_ADMIN\AppData\Roaming\npm-cache\_git-remotes\_templates --mirror git://github.com/lowdb/file-sync.git C:\Users\IBM_ADMIN\AppData\Roaming\npm-cache\_git-remotes\git-github-com-lowdb-file-sync-git-b561c49d: fatal: remote error:
21 verbose git clone --template=C:\Users\IBM_ADMIN\AppData\Roaming\npm-cache\_git-remotes\_templates --mirror git://github.com/lowdb/file-sync.git C:\Users\IBM_ADMIN\AppData\Roaming\npm-cache\_git-remotes\git-github-com-lowdb-file-sync-git-b561c49d:   Repository not found.
22 silly tryHTTPS attempting to clone git+https://github.com/lowdb/file-sync.git
23 silly tryClone cloning lowdb/file-sync via git+https://github.com/lowdb/file-sync.git
24 verbose tryClone git-https-github-com-lowdb-file-sync-git-7f5075e4 not in flight; caching
25 verbose correctMkdir C:\Users\IBM_ADMIN\AppData\Roaming\npm-cache\_git-remotes correctMkdir not in flight; initializing
26 info git [ 'clone',
26 info git   '--template=C:\\Users\\IBM_ADMIN\\AppData\\Roaming\\npm-cache\\_git-remotes\\_templates',
26 info git   '--mirror',
26 info git   'https://github.com/lowdb/file-sync.git',
26 info git   'C:\\Users\\IBM_ADMIN\\AppData\\Roaming\\npm-cache\\_git-remotes\\git-https-github-com-lowdb-file-sync-git-7f5075e4' ]
27 verbose git clone --template=C:\Users\IBM_ADMIN\AppData\Roaming\npm-cache\_git-remotes\_templates --mirror https://github.com/lowdb/file-sync.git C:\Users\IBM_ADMIN\AppData\Roaming\npm-cache\_git-remotes\git-https-github-com-lowdb-file-sync-git-7f5075e4: Cloning into bare repository 'C:\Users\IBM_ADMIN\AppData\Roaming\npm-cache\_git-remotes\git-https-github-com-lowdb-file-sync-git-7f5075e4'...
27 verbose git clone --template=C:\Users\IBM_ADMIN\AppData\Roaming\npm-cache\_git-remotes\_templates --mirror https://github.com/lowdb/file-sync.git C:\Users\IBM_ADMIN\AppData\Roaming\npm-cache\_git-remotes\git-https-github-com-lowdb-file-sync-git-7f5075e4: remote: Repository not found.
27 verbose git clone --template=C:\Users\IBM_ADMIN\AppData\Roaming\npm-cache\_git-remotes\_templates --mirror https://github.com/lowdb/file-sync.git C:\Users\IBM_ADMIN\AppData\Roaming\npm-cache\_git-remotes\git-https-github-com-lowdb-file-sync-git-7f5075e4: fatal: repository 'https://github.com/lowdb/file-sync.git/' not found
28 silly trySSH attempting to clone git@github.com:lowdb/file-sync.git
29 silly tryClone cloning lowdb/file-sync via git@github.com:lowdb/file-sync.git
30 verbose tryClone git-github-com-lowdb-file-sync-git-537e3213 not in flight; caching
31 verbose correctMkdir C:\Users\IBM_ADMIN\AppData\Roaming\npm-cache\_git-remotes correctMkdir not in flight; initializing
32 info git [ 'clone',
32 info git   '--template=C:\\Users\\IBM_ADMIN\\AppData\\Roaming\\npm-cache\\_git-remotes\\_templates',
32 info git   '--mirror',
32 info git   'git@github.com:lowdb/file-sync.git',
32 info git   'C:\\Users\\IBM_ADMIN\\AppData\\Roaming\\npm-cache\\_git-remotes\\git-github-com-lowdb-file-sync-git-537e3213' ]
33 error git clone --template=C:\Users\IBM_ADMIN\AppData\Roaming\npm-cache\_git-remotes\_templates --mirror git@github.com:lowdb/file-sync.git C:\Users\IBM_ADMIN\AppData\Roaming\npm-cache\_git-remotes\git-github-com-lowdb-file-sync-git-537e3213: Cloning into bare repository 'C:\Users\IBM_ADMIN\AppData\Roaming\npm-cache\_git-remotes\git-github-com-lowdb-file-sync-git-537e3213'...
33 error git clone --template=C:\Users\IBM_ADMIN\AppData\Roaming\npm-cache\_git-remotes\_templates --mirror git@github.com:lowdb/file-sync.git C:\Users\IBM_ADMIN\AppData\Roaming\npm-cache\_git-remotes\git-github-com-lowdb-file-sync-git-537e3213: Permission denied (publickey).
33 error git clone --template=C:\Users\IBM_ADMIN\AppData\Roaming\npm-cache\_git-remotes\_templates --mirror git@github.com:lowdb/file-sync.git C:\Users\IBM_ADMIN\AppData\Roaming\npm-cache\_git-remotes\git-github-com-lowdb-file-sync-git-537e3213: fatal: Could not read from remote repository.
33 error git clone --template=C:\Users\IBM_ADMIN\AppData\Roaming\npm-cache\_git-remotes\_templates --mirror git@github.com:lowdb/file-sync.git C:\Users\IBM_ADMIN\AppData\Roaming\npm-cache\_git-remotes\git-github-com-lowdb-file-sync-git-537e3213:
33 error git clone --template=C:\Users\IBM_ADMIN\AppData\Roaming\npm-cache\_git-remotes\_templates --mirror git@github.com:lowdb/file-sync.git C:\Users\IBM_ADMIN\AppData\Roaming\npm-cache\_git-remotes\git-github-com-lowdb-file-sync-git-537e3213: Please make sure you have the correct access rights
33 error git clone --template=C:\Users\IBM_ADMIN\AppData\Roaming\npm-cache\_git-remotes\_templates --mirror git@github.com:lowdb/file-sync.git C:\Users\IBM_ADMIN\AppData\Roaming\npm-cache\_git-remotes\git-github-com-lowdb-file-sync-git-537e3213: and the repository exists.
34 silly fetchPackageMetaData Error: Command failed: git -c core.longpaths=true clone --template=C:\Users\IBM_ADMIN\AppData\Roaming\npm-cache\_git-remotes\_templates --mirror git@github.com:lowdb/file-sync.git C:\Users\IBM_ADMIN\AppData\Roaming\npm-cache\_git-remotes\git-github-com-lowdb-file-sync-git-537e3213
34 silly fetchPackageMetaData Cloning into bare repository 'C:\Users\IBM_ADMIN\AppData\Roaming\npm-cache\_git-remotes\git-github-com-lowdb-file-sync-git-537e3213'...
34 silly fetchPackageMetaData Permission denied (publickey).
34 silly fetchPackageMetaData fatal: Could not read from remote repository.
34 silly fetchPackageMetaData
34 silly fetchPackageMetaData Please make sure you have the correct access rights
34 silly fetchPackageMetaData and the repository exists.
34 silly fetchPackageMetaData
34 silly fetchPackageMetaData     at ChildProcess.exithandler (child_process.js:206:12)
34 silly fetchPackageMetaData     at emitTwo (events.js:106:13)
34 silly fetchPackageMetaData     at ChildProcess.emit (events.js:191:7)
34 silly fetchPackageMetaData     at maybeClose (internal/child_process.js:877:16)
34 silly fetchPackageMetaData     at Process.ChildProcess._handle.onexit (internal/child_process.js:226:5)
34 silly fetchPackageMetaData  error for lowdb/file-sync { Error: Command failed: git -c core.longpaths=true clone --template=C:\Users\IBM_ADMIN\AppData\Roaming\npm-cache\_git-remotes\_templates --mirror git@github.com:lowdb/file-sync.git C:\Users\IBM_ADMIN\AppData\Roaming\npm-cache\_git-remotes\git-github-com-lowdb-file-sync-git-537e3213
34 silly fetchPackageMetaData Cloning into bare repository 'C:\Users\IBM_ADMIN\AppData\Roaming\npm-cache\_git-remotes\git-github-com-lowdb-file-sync-git-537e3213'...
34 silly fetchPackageMetaData Permission denied (publickey).
34 silly fetchPackageMetaData fatal: Could not read from remote repository.
34 silly fetchPackageMetaData
34 silly fetchPackageMetaData Please make sure you have the correct access rights
34 silly fetchPackageMetaData and the repository exists.
34 silly fetchPackageMetaData
34 silly fetchPackageMetaData     at ChildProcess.exithandler (child_process.js:206:12)
34 silly fetchPackageMetaData     at emitTwo (events.js:106:13)
34 silly fetchPackageMetaData     at ChildProcess.emit (events.js:191:7)
34 silly fetchPackageMetaData     at maybeClose (internal/child_process.js:877:16)
34 silly fetchPackageMetaData     at Process.ChildProcess._handle.onexit (internal/child_process.js:226:5)
34 silly fetchPackageMetaData   killed: false,
34 silly fetchPackageMetaData   code: 128,
34 silly fetchPackageMetaData   signal: null,
34 silly fetchPackageMetaData   cmd: 'git -c core.longpaths=true clone --template=C:\\Users\\IBM_ADMIN\\AppData\\Roaming\\npm-cache\\_git-remotes\\_templates --mirror git@github.com:lowdb/file-sync.git C:\\Users\\IBM_ADMIN\\AppData\\Roaming\\npm-cache\\_git-remotes\\git-github-com-lowdb-file-sync-git-537e3213' }
35 silly rollbackFailedOptional Starting
36 silly rollbackFailedOptional Finishing
37 silly runTopLevelLifecycles Finishing
38 silly install printInstalled
39 verbose stack Error: Command failed: git -c core.longpaths=true clone --template=C:\Users\IBM_ADMIN\AppData\Roaming\npm-cache\_git-remotes\_templates --mirror git@github.com:lowdb/file-sync.git C:\Users\IBM_ADMIN\AppData\Roaming\npm-cache\_git-remotes\git-github-com-lowdb-file-sync-git-537e3213
39 verbose stack Cloning into bare repository 'C:\Users\IBM_ADMIN\AppData\Roaming\npm-cache\_git-remotes\git-github-com-lowdb-file-sync-git-537e3213'...
39 verbose stack Permission denied (publickey).
39 verbose stack fatal: Could not read from remote repository.
39 verbose stack
39 verbose stack Please make sure you have the correct access rights
39 verbose stack and the repository exists.
39 verbose stack
39 verbose stack     at ChildProcess.exithandler (child_process.js:206:12)
39 verbose stack     at emitTwo (events.js:106:13)
39 verbose stack     at ChildProcess.emit (events.js:191:7)
39 verbose stack     at maybeClose (internal/child_process.js:877:16)
39 verbose stack     at Process.ChildProcess._handle.onexit (internal/child_process.js:226:5)
40 verbose cwd D:\mygit\nodejs
41 error Windows_NT 6.1.7601
42 error argv "C:\\Program Files\\nodejs\\node.exe" "C:\\Program Files\\nodejs\\node_modules\\npm\\bin\\npm-cli.js" "install" "lowdb/file-sync"
43 error node v6.9.2
44 error npm  v3.10.9
45 error code 128
46 error Command failed: git -c core.longpaths=true clone --template=C:\Users\IBM_ADMIN\AppData\Roaming\npm-cache\_git-remotes\_templates --mirror git@github.com:lowdb/file-sync.git C:\Users\IBM_ADMIN\AppData\Roaming\npm-cache\_git-remotes\git-github-com-lowdb-file-sync-git-537e3213
46 error Cloning into bare repository 'C:\Users\IBM_ADMIN\AppData\Roaming\npm-cache\_git-remotes\git-github-com-lowdb-file-sync-git-537e3213'...
46 error Permission denied (publickey).
46 error fatal: Could not read from remote repository.
46 error
46 error Please make sure you have the correct access rights
46 error and the repository exists.
47 error If you need help, you may report this error at:
47 error     <https://github.com/npm/npm/issues>
48 verbose exit [ 1, true ]
